C:\CYGWIN64\HOME\CONGMIN\DEV\ECS60\P2\CLI\P2\P2\DEBUG\BTREE.OBJ
C:\CYGWIN64\HOME\CONGMIN\DEV\ECS60\P2\CLI\P2\P2\DEBUG\BTREEDRIVERDEBUG.OBJ
C:\CYGWIN64\HOME\CONGMIN\DEV\ECS60\P2\CLI\P2\P2\DEBUG\BTREENODE.OBJ
C:\CYGWIN64\HOME\CONGMIN\DEV\ECS60\P2\CLI\P2\P2\DEBUG\INTERNALNODE.OBJ
C:\CYGWIN64\HOME\CONGMIN\DEV\ECS60\P2\CLI\P2\P2\DEBUG\LEAFNODE.OBJ
C:\CYGWIN64\HOME\CONGMIN\DEV\ECS60\P2\CLI\P2\P2\DEBUG\VC110.PDB
C:\CYGWIN64\HOME\CONGMIN\DEV\ECS60\P2\CLI\P2\DEBUG\P2.ILK
C:\CYGWIN64\HOME\CONGMIN\DEV\ECS60\P2\CLI\P2\DEBUG\P2.EXE
C:\CYGWIN64\HOME\CONGMIN\DEV\ECS60\P2\CLI\P2\DEBUG\P2.PDB
C:\cygwin64\home\Congmin\dev\ecs60\p2\cli\p2\p2\Debug\BTree.obj
C:\cygwin64\home\Congmin\dev\ecs60\p2\cli\p2\p2\Debug\BTreeDriverDebug.obj
C:\cygwin64\home\Congmin\dev\ecs60\p2\cli\p2\p2\Debug\BTreeNode.obj
C:\cygwin64\home\Congmin\dev\ecs60\p2\cli\p2\p2\Debug\InternalNode.obj
C:\cygwin64\home\Congmin\dev\ecs60\p2\cli\p2\p2\Debug\LeafNode.obj
C:\cygwin64\home\Congmin\dev\ecs60\p2\cli\p2\p2\Debug\cl.command.1.tlog
C:\cygwin64\home\Congmin\dev\ecs60\p2\cli\p2\p2\Debug\CL.read.1.tlog
C:\cygwin64\home\Congmin\dev\ecs60\p2\cli\p2\p2\Debug\CL.write.1.tlog
C:\cygwin64\home\Congmin\dev\ecs60\p2\cli\p2\p2\Debug\link-cvtres.read.1.tlog
C:\cygwin64\home\Congmin\dev\ecs60\p2\cli\p2\p2\Debug\link-cvtres.write.1.tlog
C:\cygwin64\home\Congmin\dev\ecs60\p2\cli\p2\p2\Debug\link-rc.read.1.tlog
C:\cygwin64\home\Congmin\dev\ecs60\p2\cli\p2\p2\Debug\link-rc.write.1.tlog
C:\cygwin64\home\Congmin\dev\ecs60\p2\cli\p2\p2\Debug\link.command.1.tlog
C:\cygwin64\home\Congmin\dev\ecs60\p2\cli\p2\p2\Debug\link.read.1.tlog
C:\cygwin64\home\Congmin\dev\ecs60\p2\cli\p2\p2\Debug\link.write.1.tlog
C:\cygwin64\home\Congmin\dev\ecs60\p2\cli\p2\p2\Debug\vc110.idb
C:\cygwin64\home\Congmin\dev\ecs60\p2\cli\p2\p2\Debug\vc110.pdb
C:\cygwin64\home\Congmin\dev\ecs60\p2\cli\p2\Debug\p2.pdb
C:\cygwin64\home\Congmin\dev\ecs60\p2\cli\p2\Debug\p2.exe
C:\cygwin64\home\Congmin\dev\ecs60\p2\cli\p2\Debug\p2.ilk
