Build started 4/18/2014 6:42:28 PM.
     1>Project "C:\cygwin64\home\Congmin\dev\ecs60\p2\cli\p2\p2\p2.vcxproj" on node 2 (Rebuild target(s)).
     1>ClCompile:
         C:\Program Files (x86)\Microsoft Visual Studio 11.0\VC\bin\CL.exe /c /ZI /nologo /W3 /WX- /Od /Oy- /D WIN32 /D _DEBUG /D _CONSOLE /D _UNICODE /D UNICODE /Gm /EHsc /RTC1 /MDd /GS /fp:precise /Zc:wchar_t /Zc:forScope /Fo"Debug\\" /Fd"Debug\vc110.pdb" /Gd /TP /analyze- /errorReport:prompt BTree.cpp BTreeDriverDebug.cpp BTreeNode.cpp InternalNode.cpp LeafNode.cpp
         LeafNode.cpp
         InternalNode.cpp
         BTreeNode.cpp
         BTreeDriverDebug.cpp
         BTree.cpp
         Generating Code...
       Link:
         C:\Program Files (x86)\Microsoft Visual Studio 11.0\VC\bin\link.exe /ERRORREPORT:PROMPT /OUT:"C:\cygwin64\home\Congmin\dev\ecs60\p2\cli\p2\Debug\p2.exe" /INCREMENTAL /NOLOGO kernel32.lib user32.lib gdi32.lib winspool.lib comdlg32.lib advapi32.lib shell32.lib ole32.lib oleaut32.lib uuid.lib odbc32.lib odbccp32.lib /MANIFEST /MANIFESTUAC:"level='asInvoker' uiAccess='false'" /manifest:embed /DEBUG /PDB:"C:\cygwin64\home\Congmin\dev\ecs60\p2\cli\p2\Debug\p2.pdb" /SUBSYSTEM:CONSOLE /TLBID:1 /DYNAMICBASE /NXCOMPAT /IMPLIB:"C:\cygwin64\home\Congmin\dev\ecs60\p2\cli\p2\Debug\p2.lib" /MACHINE:X86 Debug\BTree.obj
         Debug\BTreeDriverDebug.obj
         Debug\BTreeNode.obj
         Debug\InternalNode.obj
         Debug\LeafNode.obj
         p2.vcxproj -> C:\cygwin64\home\Congmin\dev\ecs60\p2\cli\p2\Debug\p2.exe
     1>Done Building Project "C:\cygwin64\home\Congmin\dev\ecs60\p2\cli\p2\p2\p2.vcxproj" (Rebuild target(s)).

Build succeeded.

Time Elapsed 00:00:05.34
